<?xml version="1.0" encoding="UTF-8"?>
<testng-results ignored="0" total="4" passed="4" failed="0" skipped="0">
  <reporter-output>
  </reporter-output>
  <suite started-at="2021-07-12T10:50:38 CDT" name="Default suite" finished-at="2021-07-12T10:51:00 CDT" duration-ms="22044">
    <groups>
    </groups>
    <test started-at="2021-07-12T10:50:38 CDT" name="Default test" finished-at="2021-07-12T10:51:00 CDT" duration-ms="22044">
      <class name="SuiteTestRestAssured">
        <test-method signature="peopleEsndPointCodeStatusResponse()[pri:0, instance:SuiteTestRestAssured@4470f8a6]" started-at="2021-07-12T10:50:38 CDT" name="peopleEsndPointCodeStatusResponse" finished-at="2021-07-12T10:50:40 CDT" duration-ms="2005" status="PASS">
          <reporter-output>
          </reporter-output>
        </test-method> <!-- peopleEsndPointCodeStatusResponse -->
        <test-method signature="peopleHeightGreaterThan200()[pri:0, instance:SuiteTestRestAssured@4470f8a6]" started-at="2021-07-12T10:50:40 CDT" name="peopleHeightGreaterThan200" finished-at="2021-07-12T10:50:47 CDT" duration-ms="7202" status="PASS">
          <reporter-output>
          </reporter-output>
        </test-method> <!-- peopleHeightGreaterThan200 -->
        <test-method signature="peoplesNameWithHeightGreaterThan200()[pri:0, instance:SuiteTestRestAssured@4470f8a6]" started-at="2021-07-12T10:50:47 CDT" name="peoplesNameWithHeightGreaterThan200" finished-at="2021-07-12T10:50:54 CDT" duration-ms="6451" status="PASS">
          <reporter-output>
          </reporter-output>
        </test-method> <!-- peoplesNameWithHeightGreaterThan200 -->
        <test-method signature="totalNumberOfPeople()[pri:0, instance:SuiteTestRestAssured@4470f8a6]" started-at="2021-07-12T10:50:54 CDT" name="totalNumberOfPeople" finished-at="2021-07-12T10:51:00 CDT" duration-ms="6357" status="PASS">
          <reporter-output>
          </reporter-output>
        </test-method> <!-- totalNumberOfPeople -->
      </class> <!-- SuiteTestRestAssured -->
    </test> <!-- Default test -->
  </suite> <!-- Default suite -->
</testng-results>
